# JRE version: OpenJDK Runtime Environment Temurin-21.0.9+10 (21.0.9+10) (build 21.0.9+10-LTS)
# Java VM: OpenJDK 64-Bit Server VM Temurin-21.0.9+10 (21.0.9+10-LTS, mixed mode, sharing, tiered, compressed oops, compressed class ptrs, parallel gc, windows-amd64)
GC Precious Log:
 CardTable entry size: 512
 CPUs: 12 total, 12 available
 Memory: 7518M
 Large Page Support: Disabled
 NUMA Support: Disabled
 Compressed Oops: Enabled (32-bit)
 Alignments: Space 512K, Generation 512K, Heap 2M
 Heap Min Capacity: 100M
 Heap Initial Capacity: 100M
 Heap Max Capacity: 2G
 Pre-touch: Disabled
 Parallel Workers: 10
Heap:
 PSYoungGen      total 22528K, used 16388K [0x00000000d5580000, 0x00000000d6c80000, 0x0000000100000000)
  eden space 21504K, 72% used [0x00000000d5580000,0x00000000d64b5080,0x00000000d6a80000)
  from space 1024K, 79% used [0x00000000d6b00000,0x00000000d6bcc010,0x00000000d6c00000)
  to   space 512K, 0% used [0x00000000d6c00000,0x00000000d6c00000,0x00000000d6c80000)
 ParOldGen       total 68608K, used 41213K [0x0000000080000000, 0x0000000084300000, 0x00000000d5580000)
  object space 68608K, 60% used [0x0000000080000000,0x000000008283f410,0x0000000084300000)
 Metaspace       used 46707K, committed 47872K, reserved 1114112K
  class space    used 4593K, committed 5056K, reserved 1048576K
GC Heap History (20 events):
Event: 29.817 GC heap before
{Heap before GC invocations=26 (full 2):
 PSYoungGen      total 23040K, used 22688K [0x00000000d5580000, 0x00000000d6d00000, 0x0000000100000000)
  eden space 22016K, 100% used [0x00000000d5580000,0x00000000d6b00000,0x00000000d6b00000)
  from space 1024K, 65% used [0x00000000d6b80000,0x00000000d6c28000,0x00000000d6c80000)
  to   space 512K, 0% used [0x00000000d6c80000,0x00000000d6c80000,0x00000000d6d00000)
 ParOldGen       total 68608K, used 30916K [0x0000000080000000, 0x0000000084300000, 0x00000000d5580000)
  object space 68608K, 45% used [0x0000000080000000,0x0000000081e31070,0x0000000084300000)
 Metaspace       used 41327K, committed 42368K, reserved 1114112K
  class space    used 4158K, committed 4608K, reserved 1048576K
}
Event: 29.820 GC heap after
{Heap after GC invocations=26 (full 2):
 PSYoungGen      total 22016K, used 480K [0x00000000d5580000, 0x00000000d6f00000, 0x0000000100000000)
  eden space 21504K, 0% used [0x00000000d5580000,0x00000000d5580000,0x00000000d6a80000)
  from space 512K, 93% used [0x00000000d6c80000,0x00000000d6cf8020,0x00000000d6d00000)
  to   space 2048K, 0% used [0x00000000d6a80000,0x00000000d6a80000,0x00000000d6c80000)
 ParOldGen       total 68608K, used 32221K [0x0000000080000000, 0x0000000084300000, 0x00000000d5580000)
  object space 68608K, 46% used [0x0000000080000000,0x0000000081f77660,0x0000000084300000)
 Metaspace       used 41327K, committed 42368K, reserved 1114112K
  class space    used 4158K, committed 4608K, reserved 1048576K
}
Event: 30.266 GC heap before
{Heap before GC invocations=27 (full 2):
 PSYoungGen      total 22016K, used 21984K [0x00000000d5580000, 0x00000000d6f00000, 0x0000000100000000)
  eden space 21504K, 100% used [0x00000000d5580000,0x00000000d6a80000,0x00000000d6a80000)
  from space 512K, 93% used [0x00000000d6c80000,0x00000000d6cf8020,0x00000000d6d00000)
  to   space 2048K, 0% used [0x00000000d6a80000,0x00000000d6a80000,0x00000000d6c80000)
 ParOldGen       total 68608K, used 32221K [0x0000000080000000, 0x0000000084300000, 0x00000000d5580000)
  object space 68608K, 46% used [0x0000000080000000,0x0000000081f77660,0x0000000084300000)
 Metaspace       used 43339K, committed 44416K, reserved 1114112K
  class space    used 4429K, committed 4928K, reserved 1048576K
}
Event: 30.272 GC heap after
{Heap after GC invocations=27 (full 2):
 PSYoungGen      total 23552K, used 2023K [0x00000000d5580000, 0x00000000d7180000, 0x0000000100000000)
  eden space 21504K, 0% used [0x00000000d5580000,0x00000000d5580000,0x00000000d6a80000)
  from space 2048K, 98% used [0x00000000d6a80000,0x00000000d6c79ea8,0x00000000d6c80000)
  to   space 3584K, 0% used [0x00000000d6e00000,0x00000000d6e00000,0x00000000d7180000)
 ParOldGen       total 68608K, used 33084K [0x0000000080000000, 0x0000000084300000, 0x00000000d5580000)
  object space 68608K, 48% used [0x0000000080000000,0x000000008204f110,0x0000000084300000)
 Metaspace       used 43339K, committed 44416K, reserved 1114112K
  class space    used 4429K, committed 4928K, reserved 1048576K
}
Event: 30.647 GC heap before
{Heap before GC invocations=28 (full 2):
 PSYoungGen      total 23552K, used 23527K [0x00000000d5580000, 0x00000000d7180000, 0x0000000100000000)
  eden space 21504K, 100% used [0x00000000d5580000,0x00000000d6a80000,0x00000000d6a80000)
  from space 2048K, 98% used [0x00000000d6a80000,0x00000000d6c79ea8,0x00000000d6c80000)
  to   space 3584K, 0% used [0x00000000d6e00000,0x00000000d6e00000,0x00000000d7180000)
 ParOldGen       total 68608K, used 33084K [0x0000000080000000, 0x0000000084300000, 0x00000000d5580000)
  object space 68608K, 48% used [0x0000000080000000,0x000000008204f110,0x0000000084300000)
 Metaspace       used 44294K, committed 45376K, reserved 1114112K
  class space    used 4501K, committed 4992K, reserved 1048576K
}
Event: 30.651 GC heap after
{Heap after GC invocations=28 (full 2):
 PSYoungGen      total 24576K, used 2677K [0x00000000d5580000, 0x00000000d7100000, 0x0000000100000000)
  eden space 21504K, 0% used [0x00000000d5580000,0x00000000d5580000,0x00000000d6a80000)
  from space 3072K, 87% used [0x00000000d6e00000,0x00000000d709d7b8,0x00000000d7100000)
  to   space 3072K, 0% used [0x00000000d6b00000,0x00000000d6b00000,0x00000000d6e00000)
 ParOldGen       total 68608K, used 34888K [0x0000000080000000, 0x0000000084300000, 0x00000000d5580000)
  object space 68608K, 50% used [0x0000000080000000,0x0000000082212388,0x0000000084300000)
 Metaspace       used 44294K, committed 45376K, reserved 1114112K
  class space    used 4501K, committed 4992K, reserved 1048576K
}
Event: 31.484 GC heap before
{Heap before GC invocations=29 (full 2):
 PSYoungGen      total 24576K, used 24181K [0x00000000d5580000, 0x00000000d7100000, 0x0000000100000000)
  eden space 21504K, 99% used [0x00000000d5580000,0x00000000d6a7ffb8,0x00000000d6a80000)
  from space 3072K, 87% used [0x00000000d6e00000,0x00000000d709d7b8,0x00000000d7100000)
  to   space 3072K, 0% used [0x00000000d6b00000,0x00000000d6b00000,0x00000000d6e00000)
 ParOldGen       total 68608K, used 34888K [0x0000000080000000, 0x0000000084300000, 0x00000000d5580000)
  object space 68608K, 50% used [0x0000000080000000,0x0000000082212388,0x0000000084300000)
 Metaspace       used 44674K, committed 45824K, reserved 1114112K
  class space    used 4514K, committed 4992K, reserved 1048576K
}
Event: 31.488 GC heap after
{Heap after GC invocations=29 (full 2):
 PSYoungGen      total 22528K, used 784K [0x00000000d5580000, 0x00000000d6e80000, 0x0000000100000000)
  eden space 21504K, 0% used [0x00000000d5580000,0x00000000d5580000,0x00000000d6a80000)
  from space 1024K, 76% used [0x00000000d6b00000,0x00000000d6bc4030,0x00000000d6c00000)
  to   space 1536K, 0% used [0x00000000d6d00000,0x00000000d6d00000,0x00000000d6e80000)
 ParOldGen       total 68608K, used 37358K [0x0000000080000000, 0x0000000084300000, 0x00000000d5580000)
  object space 68608K, 54% used [0x0000000080000000,0x000000008247b8e8,0x0000000084300000)
 Metaspace       used 44674K, committed 45824K, reserved 1114112K
  class space    used 4514K, committed 4992K, reserved 1048576K
}
Event: 31.735 GC heap before
{Heap before GC invocations=30 (full 2):
 PSYoungGen      total 22528K, used 22288K [0x00000000d5580000, 0x00000000d6e80000, 0x0000000100000000)
  eden space 21504K, 100% used [0x00000000d5580000,0x00000000d6a80000,0x00000000d6a80000)
  from space 1024K, 76% used [0x00000000d6b00000,0x00000000d6bc4030,0x00000000d6c00000)
  to   space 1536K, 0% used [0x00000000d6d00000,0x00000000d6d00000,0x00000000d6e80000)
 ParOldGen       total 68608K, used 37358K [0x0000000080000000, 0x0000000084300000, 0x00000000d5580000)
  object space 68608K, 54% used [0x0000000080000000,0x000000008247b8e8,0x0000000084300000)
 Metaspace       used 44966K, committed 46080K, reserved 1114112K
  class space    used 4514K, committed 4992K, reserved 1048576K
}
Event: 31.737 GC heap after
{Heap after GC invocations=30 (full 2):
 PSYoungGen      total 23040K, used 1312K [0x00000000d5580000, 0x00000000d6e80000, 0x0000000100000000)
  eden space 21504K, 0% used [0x00000000d5580000,0x00000000d5580000,0x00000000d6a80000)
  from space 1536K, 85% used [0x00000000d6d00000,0x00000000d6e48000,0x00000000d6e80000)
  to   space 1536K, 0% used [0x00000000d6b80000,0x00000000d6b80000,0x00000000d6d00000)
 ParOldGen       total 68608K, used 37917K [0x0000000080000000, 0x0000000084300000, 0x00000000d5580000)
  object space 68608K, 55% used [0x0000000080000000,0x0000000082507550,0x0000000084300000)
 Metaspace       used 44966K, committed 46080K, reserved 1114112K
  class space    used 4514K, committed 4992K, reserved 1048576K
}
Event: 33.348 GC heap before
{Heap before GC invocations=31 (full 2):
 PSYoungGen      total 23040K, used 22816K [0x00000000d5580000, 0x00000000d6e80000, 0x0000000100000000)
  eden space 21504K, 100% used [0x00000000d5580000,0x00000000d6a80000,0x00000000d6a80000)
  from space 1536K, 85% used [0x00000000d6d00000,0x00000000d6e48000,0x00000000d6e80000)
  to   space 1536K, 0% used [0x00000000d6b80000,0x00000000d6b80000,0x00000000d6d00000)
 ParOldGen       total 68608K, used 37917K [0x0000000080000000, 0x0000000084300000, 0x00000000d5580000)
  object space 68608K, 55% used [0x0000000080000000,0x0000000082507550,0x0000000084300000)
 Metaspace       used 45345K, committed 46400K, reserved 1114112K
  class space    used 4522K, committed 4992K, reserved 1048576K
}
Event: 33.351 GC heap after
{Heap after GC invocations=31 (full 2):
 PSYoungGen      total 22528K, used 640K [0x00000000d5580000, 0x00000000d6d80000, 0x0000000100000000)
  eden space 21504K, 0% used [0x00000000d5580000,0x00000000d5580000,0x00000000d6a80000)
  from space 1024K, 62% used [0x00000000d6b80000,0x00000000d6c20000,0x00000000d6c80000)
  to   space 1024K, 0% used [0x00000000d6c80000,0x00000000d6c80000,0x00000000d6d80000)
 ParOldGen       total 68608K, used 39022K [0x0000000080000000, 0x0000000084300000, 0x00000000d5580000)
  object space 68608K, 56% used [0x0000000080000000,0x000000008261ba10,0x0000000084300000)
 Metaspace       used 45345K, committed 46400K, reserved 1114112K
  class space    used 4522K, committed 4992K, reserved 1048576K
}
Event: 34.304 GC heap before
{Heap before GC invocations=32 (full 2):
 PSYoungGen      total 22528K, used 22143K [0x00000000d5580000, 0x00000000d6d80000, 0x0000000100000000)
  eden space 21504K, 99% used [0x00000000d5580000,0x00000000d6a7fff8,0x00000000d6a80000)
  from space 1024K, 62% used [0x00000000d6b80000,0x00000000d6c20000,0x00000000d6c80000)
  to   space 1024K, 0% used [0x00000000d6c80000,0x00000000d6c80000,0x00000000d6d80000)
 ParOldGen       total 68608K, used 39022K [0x0000000080000000, 0x0000000084300000, 0x00000000d5580000)
  object space 68608K, 56% used [0x0000000080000000,0x000000008261ba10,0x0000000084300000)
 Metaspace       used 45540K, committed 46656K, reserved 1114112K
  class space    used 4527K, committed 4992K, reserved 1048576K
}
Event: 34.309 GC heap after
{Heap after GC invocations=32 (full 2):
 PSYoungGen      total 22016K, used 447K [0x00000000d5580000, 0x00000000d6d00000, 0x0000000100000000)
  eden space 21504K, 0% used [0x00000000d5580000,0x00000000d5580000,0x00000000d6a80000)
  from space 512K, 87% used [0x00000000d6c80000,0x00000000d6cefe50,0x00000000d6d00000)
  to   space 1024K, 0% used [0x00000000d6b00000,0x00000000d6b00000,0x00000000d6c00000)
 ParOldGen       total 68608K, used 39414K [0x0000000080000000, 0x0000000084300000, 0x00000000d5580000)
  object space 68608K, 57% used [0x0000000080000000,0x000000008267d8a0,0x0000000084300000)
 Metaspace       used 45540K, committed 46656K, reserved 1114112K
  class space    used 4527K, committed 4992K, reserved 1048576K
}
Event: 41.243 GC heap before
{Heap before GC invocations=33 (full 2):
 PSYoungGen      total 22016K, used 21951K [0x00000000d5580000, 0x00000000d6d00000, 0x0000000100000000)
  eden space 21504K, 100% used [0x00000000d5580000,0x00000000d6a80000,0x00000000d6a80000)
  from space 512K, 87% used [0x00000000d6c80000,0x00000000d6cefe50,0x00000000d6d00000)
  to   space 1024K, 0% used [0x00000000d6b00000,0x00000000d6b00000,0x00000000d6c00000)
 ParOldGen       total 68608K, used 39414K [0x0000000080000000, 0x0000000084300000, 0x00000000d5580000)
  object space 68608K, 57% used [0x0000000080000000,0x000000008267d8a0,0x0000000084300000)
 Metaspace       used 46266K, committed 47424K, reserved 1114112K
  class space    used 4588K, committed 5056K, reserved 1048576K
}
Event: 41.246 GC heap after
{Heap after GC invocations=33 (full 2):
 PSYoungGen      total 22528K, used 1020K [0x00000000d5580000, 0x00000000d6d80000, 0x0000000100000000)
  eden space 21504K, 0% used [0x00000000d5580000,0x00000000d5580000,0x00000000d6a80000)
  from space 1024K, 99% used [0x00000000d6b00000,0x00000000d6bff358,0x00000000d6c00000)
  to   space 1536K, 0% used [0x00000000d6c00000,0x00000000d6c00000,0x00000000d6d80000)
 ParOldGen       total 68608K, used 39741K [0x0000000080000000, 0x0000000084300000, 0x00000000d5580000)
  object space 68608K, 57% used [0x0000000080000000,0x00000000826cf700,0x0000000084300000)
 Metaspace       used 46266K, committed 47424K, reserved 1114112K
  class space    used 4588K, committed 5056K, reserved 1048576K
}
Event: 44.707 GC heap before
{Heap before GC invocations=34 (full 2):
 PSYoungGen      total 22528K, used 22524K [0x00000000d5580000, 0x00000000d6d80000, 0x0000000100000000)
  eden space 21504K, 100% used [0x00000000d5580000,0x00000000d6a80000,0x00000000d6a80000)
  from space 1024K, 99% used [0x00000000d6b00000,0x00000000d6bff358,0x00000000d6c00000)
  to   space 1536K, 0% used [0x00000000d6c00000,0x00000000d6c00000,0x00000000d6d80000)
 ParOldGen       total 68608K, used 39741K [0x0000000080000000, 0x0000000084300000, 0x00000000d5580000)
  object space 68608K, 57% used [0x0000000080000000,0x00000000826cf700,0x0000000084300000)
 Metaspace       used 46479K, committed 47552K, reserved 1114112K
  class space    used 4591K, committed 5056K, reserved 1048576K
}
Event: 44.709 GC heap after
{Heap after GC invocations=34 (full 2):
 PSYoungGen      total 22528K, used 696K [0x00000000d5580000, 0x00000000d6d00000, 0x0000000100000000)
  eden space 21504K, 0% used [0x00000000d5580000,0x00000000d5580000,0x00000000d6a80000)
  from space 1024K, 67% used [0x00000000d6c00000,0x00000000d6cae088,0x00000000d6d00000)
  to   space 1024K, 0% used [0x00000000d6b00000,0x00000000d6b00000,0x00000000d6c00000)
 ParOldGen       total 68608K, used 40614K [0x0000000080000000, 0x0000000084300000, 0x00000000d5580000)
  object space 68608K, 59% used [0x0000000080000000,0x00000000827a9be8,0x0000000084300000)
 Metaspace       used 46479K, committed 47552K, reserved 1114112K
  class space    used 4591K, committed 5056K, reserved 1048576K
}
Event: 57.882 GC heap before
{Heap before GC invocations=35 (full 2):
 PSYoungGen      total 22528K, used 22200K [0x00000000d5580000, 0x00000000d6d00000, 0x0000000100000000)
  eden space 21504K, 100% used [0x00000000d5580000,0x00000000d6a80000,0x00000000d6a80000)
  from space 1024K, 67% used [0x00000000d6c00000,0x00000000d6cae088,0x00000000d6d00000)
  to   space 1024K, 0% used [0x00000000d6b00000,0x00000000d6b00000,0x00000000d6c00000)
 ParOldGen       total 68608K, used 40614K [0x0000000080000000, 0x0000000084300000, 0x00000000d5580000)
  object space 68608K, 59% used [0x0000000080000000,0x00000000827a9be8,0x0000000084300000)
 Metaspace       used 46642K, committed 47744K, reserved 1114112K
  class space    used 4592K, committed 5056K, reserved 1048576K
}
Event: 57.885 GC heap after
{Heap after GC invocations=35 (full 2):
 PSYoungGen      total 22528K, used 816K [0x00000000d5580000, 0x00000000d6c80000, 0x0000000100000000)
  eden space 21504K, 0% used [0x00000000d5580000,0x00000000d5580000,0x00000000d6a80000)
  from space 1024K, 79% used [0x00000000d6b00000,0x00000000d6bcc010,0x00000000d6c00000)
  to   space 512K, 0% used [0x00000000d6c00000,0x00000000d6c00000,0x00000000d6c80000)
 ParOldGen       total 68608K, used 41213K [0x0000000080000000, 0x0000000084300000, 0x00000000d5580000)
  object space 68608K, 60% used [0x0000000080000000,0x000000008283f410,0x0000000084300000)
 Metaspace       used 46642K, committed 47744K, reserved 1114112K
  class space    used 4592K, committed 5056K, reserved 1048576K
}

