# JRE version: OpenJDK Runtime Environment Temurin-21.0.9+10 (21.0.9+10) (build 21.0.9+10-LTS)
# Java VM: OpenJDK 64-Bit Server VM Temurin-21.0.9+10 (21.0.9+10-LTS, mixed mode, sharing, tiered, compressed oops, compressed class ptrs, parallel gc, windows-amd64)
GC Precious Log:
 CardTable entry size: 512
 CPUs: 12 total, 12 available
 Memory: 7518M
 Large Page Support: Disabled
 NUMA Support: Disabled
 Compressed Oops: Enabled (32-bit)
 Alignments: Space 512K, Generation 512K, Heap 2M
 Heap Min Capacity: 100M
 Heap Initial Capacity: 100M
 Heap Max Capacity: 2G
 Pre-touch: Disabled
 Parallel Workers: 10
Heap:
 PSYoungGen      total 14848K, used 10206K [0x00000000d5580000, 0x00000000d6580000, 0x0000000100000000)
  eden space 13312K, 67% used [0x00000000d5580000,0x00000000d5e4f810,0x00000000d6280000)
  from space 1536K, 77% used [0x00000000d6300000,0x00000000d6428000,0x00000000d6480000)
  to   space 1024K, 0% used [0x00000000d6480000,0x00000000d6480000,0x00000000d6580000)
 ParOldGen       total 68608K, used 50399K [0x0000000080000000, 0x0000000084300000, 0x00000000d5580000)
  object space 68608K, 73% used [0x0000000080000000,0x0000000083137d98,0x0000000084300000)
 Metaspace       used 62991K, committed 64384K, reserved 1114112K
  class space    used 6810K, committed 7424K, reserved 1048576K
GC Heap History (20 events):
Event: 73.151 GC heap before
{Heap before GC invocations=47 (full 3):
 PSYoungGen      total 18432K, used 18400K [0x00000000d5580000, 0x00000000d6b80000, 0x0000000100000000)
  eden space 17408K, 100% used [0x00000000d5580000,0x00000000d6680000,0x00000000d6680000)
  from space 1024K, 96% used [0x00000000d6800000,0x00000000d68f8010,0x00000000d6900000)
  to   space 2560K, 0% used [0x00000000d6900000,0x00000000d6900000,0x00000000d6b80000)
 ParOldGen       total 68608K, used 38218K [0x0000000080000000, 0x0000000084300000, 0x00000000d5580000)
  object space 68608K, 55% used [0x0000000080000000,0x0000000082552a50,0x0000000084300000)
 Metaspace       used 61785K, committed 63104K, reserved 1114112K
  class space    used 6707K, committed 7296K, reserved 1048576K
}
Event: 73.155 GC heap after
{Heap after GC invocations=47 (full 3):
 PSYoungGen      total 17920K, used 2556K [0x00000000d5580000, 0x00000000d6f80000, 0x0000000100000000)
  eden space 15360K, 0% used [0x00000000d5580000,0x00000000d5580000,0x00000000d6480000)
  from space 2560K, 99% used [0x00000000d6900000,0x00000000d6b7f258,0x00000000d6b80000)
  to   space 4608K, 0% used [0x00000000d6480000,0x00000000d6480000,0x00000000d6900000)
 ParOldGen       total 68608K, used 39701K [0x0000000080000000, 0x0000000084300000, 0x00000000d5580000)
  object space 68608K, 57% used [0x0000000080000000,0x00000000826c5648,0x0000000084300000)
 Metaspace       used 61785K, committed 63104K, reserved 1114112K
  class space    used 6707K, committed 7296K, reserved 1048576K
}
Event: 73.211 GC heap before
{Heap before GC invocations=48 (full 3):
 PSYoungGen      total 17920K, used 17916K [0x00000000d5580000, 0x00000000d6f80000, 0x0000000100000000)
  eden space 15360K, 100% used [0x00000000d5580000,0x00000000d6480000,0x00000000d6480000)
  from space 2560K, 99% used [0x00000000d6900000,0x00000000d6b7f258,0x00000000d6b80000)
  to   space 4608K, 0% used [0x00000000d6480000,0x00000000d6480000,0x00000000d6900000)
 ParOldGen       total 68608K, used 39701K [0x0000000080000000, 0x0000000084300000, 0x00000000d5580000)
  object space 68608K, 57% used [0x0000000080000000,0x00000000826c5648,0x0000000084300000)
 Metaspace       used 61793K, committed 63104K, reserved 1114112K
  class space    used 6707K, committed 7296K, reserved 1048576K
}
Event: 73.214 GC heap after
{Heap after GC invocations=48 (full 3):
 PSYoungGen      total 17408K, used 1733K [0x00000000d5580000, 0x00000000d6a80000, 0x0000000100000000)
  eden space 15360K, 0% used [0x00000000d5580000,0x00000000d5580000,0x00000000d6480000)
  from space 2048K, 84% used [0x00000000d6480000,0x00000000d6631738,0x00000000d6680000)
  to   space 3072K, 0% used [0x00000000d6780000,0x00000000d6780000,0x00000000d6a80000)
 ParOldGen       total 68608K, used 41840K [0x0000000080000000, 0x0000000084300000, 0x00000000d5580000)
  object space 68608K, 60% used [0x0000000080000000,0x00000000828dc0e0,0x0000000084300000)
 Metaspace       used 61793K, committed 63104K, reserved 1114112K
  class space    used 6707K, committed 7296K, reserved 1048576K
}
Event: 73.288 GC heap before
{Heap before GC invocations=49 (full 3):
 PSYoungGen      total 17408K, used 17093K [0x00000000d5580000, 0x00000000d6a80000, 0x0000000100000000)
  eden space 15360K, 100% used [0x00000000d5580000,0x00000000d6480000,0x00000000d6480000)
  from space 2048K, 84% used [0x00000000d6480000,0x00000000d6631738,0x00000000d6680000)
  to   space 3072K, 0% used [0x00000000d6780000,0x00000000d6780000,0x00000000d6a80000)
 ParOldGen       total 68608K, used 41840K [0x0000000080000000, 0x0000000084300000, 0x00000000d5580000)
  object space 68608K, 60% used [0x0000000080000000,0x00000000828dc0e0,0x0000000084300000)
 Metaspace       used 61813K, committed 63168K, reserved 1114112K
  class space    used 6707K, committed 7296K, reserved 1048576K
}
Event: 73.291 GC heap after
{Heap after GC invocations=49 (full 3):
 PSYoungGen      total 17408K, used 1977K [0x00000000d5580000, 0x00000000d6980000, 0x0000000100000000)
  eden space 15360K, 0% used [0x00000000d5580000,0x00000000d5580000,0x00000000d6480000)
  from space 2048K, 96% used [0x00000000d6780000,0x00000000d696e7d0,0x00000000d6980000)
  to   space 2048K, 0% used [0x00000000d6480000,0x00000000d6480000,0x00000000d6680000)
 ParOldGen       total 68608K, used 42888K [0x0000000080000000, 0x0000000084300000, 0x00000000d5580000)
  object space 68608K, 62% used [0x0000000080000000,0x00000000829e20f0,0x0000000084300000)
 Metaspace       used 61813K, committed 63168K, reserved 1114112K
  class space    used 6707K, committed 7296K, reserved 1048576K
}
Event: 73.435 GC heap before
{Heap before GC invocations=50 (full 3):
 PSYoungGen      total 17408K, used 17337K [0x00000000d5580000, 0x00000000d6980000, 0x0000000100000000)
  eden space 15360K, 100% used [0x00000000d5580000,0x00000000d6480000,0x00000000d6480000)
  from space 2048K, 96% used [0x00000000d6780000,0x00000000d696e7d0,0x00000000d6980000)
  to   space 2048K, 0% used [0x00000000d6480000,0x00000000d6480000,0x00000000d6680000)
 ParOldGen       total 68608K, used 42888K [0x0000000080000000, 0x0000000084300000, 0x00000000d5580000)
  object space 68608K, 62% used [0x0000000080000000,0x00000000829e20f0,0x0000000084300000)
 Metaspace       used 61817K, committed 63168K, reserved 1114112K
  class space    used 6707K, committed 7296K, reserved 1048576K
}
Event: 73.438 GC heap after
{Heap after GC invocations=50 (full 3):
 PSYoungGen      total 17408K, used 1710K [0x00000000d5580000, 0x00000000d6880000, 0x0000000100000000)
  eden space 15360K, 0% used [0x00000000d5580000,0x00000000d5580000,0x00000000d6480000)
  from space 2048K, 83% used [0x00000000d6480000,0x00000000d662b910,0x00000000d6680000)
  to   space 2048K, 0% used [0x00000000d6680000,0x00000000d6680000,0x00000000d6880000)
 ParOldGen       total 68608K, used 44653K [0x0000000080000000, 0x0000000084300000, 0x00000000d5580000)
  object space 68608K, 65% used [0x0000000080000000,0x0000000082b9b430,0x0000000084300000)
 Metaspace       used 61817K, committed 63168K, reserved 1114112K
  class space    used 6707K, committed 7296K, reserved 1048576K
}
Event: 73.600 GC heap before
{Heap before GC invocations=51 (full 3):
 PSYoungGen      total 17408K, used 17070K [0x00000000d5580000, 0x00000000d6880000, 0x0000000100000000)
  eden space 15360K, 100% used [0x00000000d5580000,0x00000000d6480000,0x00000000d6480000)
  from space 2048K, 83% used [0x00000000d6480000,0x00000000d662b910,0x00000000d6680000)
  to   space 2048K, 0% used [0x00000000d6680000,0x00000000d6680000,0x00000000d6880000)
 ParOldGen       total 68608K, used 44653K [0x0000000080000000, 0x0000000084300000, 0x00000000d5580000)
  object space 68608K, 65% used [0x0000000080000000,0x0000000082b9b430,0x0000000084300000)
 Metaspace       used 61825K, committed 63168K, reserved 1114112K
  class space    used 6707K, committed 7296K, reserved 1048576K
}
Event: 73.603 GC heap after
{Heap after GC invocations=51 (full 3):
 PSYoungGen      total 15360K, used 2044K [0x00000000d5580000, 0x00000000d6c80000, 0x0000000100000000)
  eden space 13312K, 0% used [0x00000000d5580000,0x00000000d5580000,0x00000000d6280000)
  from space 2048K, 99% used [0x00000000d6680000,0x00000000d687f0a8,0x00000000d6880000)
  to   space 4096K, 0% used [0x00000000d6280000,0x00000000d6280000,0x00000000d6680000)
 ParOldGen       total 68608K, used 46228K [0x0000000080000000, 0x0000000084300000, 0x00000000d5580000)
  object space 68608K, 67% used [0x0000000080000000,0x0000000082d25368,0x0000000084300000)
 Metaspace       used 61825K, committed 63168K, reserved 1114112K
  class space    used 6707K, committed 7296K, reserved 1048576K
}
Event: 73.688 GC heap before
{Heap before GC invocations=52 (full 3):
 PSYoungGen      total 15360K, used 15356K [0x00000000d5580000, 0x00000000d6c80000, 0x0000000100000000)
  eden space 13312K, 100% used [0x00000000d5580000,0x00000000d6280000,0x00000000d6280000)
  from space 2048K, 99% used [0x00000000d6680000,0x00000000d687f0a8,0x00000000d6880000)
  to   space 4096K, 0% used [0x00000000d6280000,0x00000000d6280000,0x00000000d6680000)
 ParOldGen       total 68608K, used 46228K [0x0000000080000000, 0x0000000084300000, 0x00000000d5580000)
  object space 68608K, 67% used [0x0000000080000000,0x0000000082d25368,0x0000000084300000)
 Metaspace       used 61833K, committed 63232K, reserved 1114112K
  class space    used 6707K, committed 7360K, reserved 1048576K
}
Event: 73.691 GC heap after
{Heap after GC invocations=52 (full 3):
 PSYoungGen      total 15360K, used 2001K [0x00000000d5580000, 0x00000000d6880000, 0x0000000100000000)
  eden space 13312K, 0% used [0x00000000d5580000,0x00000000d5580000,0x00000000d6280000)
  from space 2048K, 97% used [0x00000000d6280000,0x00000000d64746b8,0x00000000d6480000)
  to   space 3072K, 0% used [0x00000000d6580000,0x00000000d6580000,0x00000000d6880000)
 ParOldGen       total 68608K, used 47468K [0x0000000080000000, 0x0000000084300000, 0x00000000d5580000)
  object space 68608K, 69% used [0x0000000080000000,0x0000000082e5b368,0x0000000084300000)
 Metaspace       used 61833K, committed 63232K, reserved 1114112K
  class space    used 6707K, committed 7360K, reserved 1048576K
}
Event: 73.769 GC heap before
{Heap before GC invocations=53 (full 3):
 PSYoungGen      total 15360K, used 15313K [0x00000000d5580000, 0x00000000d6880000, 0x0000000100000000)
  eden space 13312K, 100% used [0x00000000d5580000,0x00000000d6280000,0x00000000d6280000)
  from space 2048K, 97% used [0x00000000d6280000,0x00000000d64746b8,0x00000000d6480000)
  to   space 3072K, 0% used [0x00000000d6580000,0x00000000d6580000,0x00000000d6880000)
 ParOldGen       total 68608K, used 47468K [0x0000000080000000, 0x0000000084300000, 0x00000000d5580000)
  object space 68608K, 69% used [0x0000000080000000,0x0000000082e5b368,0x0000000084300000)
 Metaspace       used 61841K, committed 63232K, reserved 1114112K
  class space    used 6707K, committed 7360K, reserved 1048576K
}
Event: 73.772 GC heap after
{Heap after GC invocations=53 (full 3):
 PSYoungGen      total 14848K, used 1513K [0x00000000d5580000, 0x00000000d6700000, 0x0000000100000000)
  eden space 13312K, 0% used [0x00000000d5580000,0x00000000d5580000,0x00000000d6280000)
  from space 1536K, 98% used [0x00000000d6580000,0x00000000d66fa720,0x00000000d6700000)
  to   space 2048K, 0% used [0x00000000d6300000,0x00000000d6300000,0x00000000d6500000)
 ParOldGen       total 68608K, used 48372K [0x0000000080000000, 0x0000000084300000, 0x00000000d5580000)
  object space 68608K, 70% used [0x0000000080000000,0x0000000082f3d368,0x0000000084300000)
 Metaspace       used 61841K, committed 63232K, reserved 1114112K
  class space    used 6707K, committed 7360K, reserved 1048576K
}
Event: 73.870 GC heap before
{Heap before GC invocations=54 (full 3):
 PSYoungGen      total 14848K, used 14825K [0x00000000d5580000, 0x00000000d6700000, 0x0000000100000000)
  eden space 13312K, 100% used [0x00000000d5580000,0x00000000d6280000,0x00000000d6280000)
  from space 1536K, 98% used [0x00000000d6580000,0x00000000d66fa720,0x00000000d6700000)
  to   space 2048K, 0% used [0x00000000d6300000,0x00000000d6300000,0x00000000d6500000)
 ParOldGen       total 68608K, used 48372K [0x0000000080000000, 0x0000000084300000, 0x00000000d5580000)
  object space 68608K, 70% used [0x0000000080000000,0x0000000082f3d368,0x0000000084300000)
 Metaspace       used 61857K, committed 63296K, reserved 1114112K
  class space    used 6707K, committed 7360K, reserved 1048576K
}
Event: 73.875 GC heap after
{Heap after GC invocations=54 (full 3):
 PSYoungGen      total 15360K, used 1757K [0x00000000d5580000, 0x00000000d6680000, 0x0000000100000000)
  eden space 13312K, 0% used [0x00000000d5580000,0x00000000d5580000,0x00000000d6280000)
  from space 2048K, 85% used [0x00000000d6300000,0x00000000d64b7458,0x00000000d6500000)
  to   space 1536K, 0% used [0x00000000d6500000,0x00000000d6500000,0x00000000d6680000)
 ParOldGen       total 68608K, used 48924K [0x0000000080000000, 0x0000000084300000, 0x00000000d5580000)
  object space 68608K, 71% used [0x0000000080000000,0x0000000082fc7378,0x0000000084300000)
 Metaspace       used 61857K, committed 63296K, reserved 1114112K
  class space    used 6707K, committed 7360K, reserved 1048576K
}
Event: 73.951 GC heap before
{Heap before GC invocations=55 (full 3):
 PSYoungGen      total 15360K, used 15069K [0x00000000d5580000, 0x00000000d6680000, 0x0000000100000000)
  eden space 13312K, 100% used [0x00000000d5580000,0x00000000d6280000,0x00000000d6280000)
  from space 2048K, 85% used [0x00000000d6300000,0x00000000d64b7458,0x00000000d6500000)
  to   space 1536K, 0% used [0x00000000d6500000,0x00000000d6500000,0x00000000d6680000)
 ParOldGen       total 68608K, used 48924K [0x0000000080000000, 0x0000000084300000, 0x00000000d5580000)
  object space 68608K, 71% used [0x0000000080000000,0x0000000082fc73a0,0x0000000084300000)
 Metaspace       used 62096K, committed 63488K, reserved 1114112K
  class space    used 6717K, committed 7360K, reserved 1048576K
}
Event: 73.953 GC heap after
{Heap after GC invocations=55 (full 3):
 PSYoungGen      total 14336K, used 928K [0x00000000d5580000, 0x00000000d6600000, 0x0000000100000000)
  eden space 13312K, 0% used [0x00000000d5580000,0x00000000d5580000,0x00000000d6280000)
  from space 1024K, 90% used [0x00000000d6500000,0x00000000d65e8000,0x00000000d6600000)
  to   space 1536K, 0% used [0x00000000d6300000,0x00000000d6300000,0x00000000d6480000)
 ParOldGen       total 68608K, used 49708K [0x0000000080000000, 0x0000000084300000, 0x00000000d5580000)
  object space 68608K, 72% used [0x0000000080000000,0x000000008308b3a0,0x0000000084300000)
 Metaspace       used 62096K, committed 63488K, reserved 1114112K
  class space    used 6717K, committed 7360K, reserved 1048576K
}
Event: 74.023 GC heap before
{Heap before GC invocations=56 (full 3):
 PSYoungGen      total 14336K, used 14240K [0x00000000d5580000, 0x00000000d6600000, 0x0000000100000000)
  eden space 13312K, 100% used [0x00000000d5580000,0x00000000d6280000,0x00000000d6280000)
  from space 1024K, 90% used [0x00000000d6500000,0x00000000d65e8000,0x00000000d6600000)
  to   space 1536K, 0% used [0x00000000d6300000,0x00000000d6300000,0x00000000d6480000)
 ParOldGen       total 68608K, used 49711K [0x0000000080000000, 0x0000000084300000, 0x00000000d5580000)
  object space 68608K, 72% used [0x0000000080000000,0x000000008308bd98,0x0000000084300000)
 Metaspace       used 62333K, committed 63744K, reserved 1114112K
  class space    used 6746K, committed 7360K, reserved 1048576K
}
Event: 74.026 GC heap after
{Heap after GC invocations=56 (full 3):
 PSYoungGen      total 14848K, used 1184K [0x00000000d5580000, 0x00000000d6580000, 0x0000000100000000)
  eden space 13312K, 0% used [0x00000000d5580000,0x00000000d5580000,0x00000000d6280000)
  from space 1536K, 77% used [0x00000000d6300000,0x00000000d6428000,0x00000000d6480000)
  to   space 1024K, 0% used [0x00000000d6480000,0x00000000d6480000,0x00000000d6580000)
 ParOldGen       total 68608K, used 50399K [0x0000000080000000, 0x0000000084300000, 0x00000000d5580000)
  object space 68608K, 73% used [0x0000000080000000,0x0000000083137d98,0x0000000084300000)
 Metaspace       used 62333K, committed 63744K, reserved 1114112K
  class space    used 6746K, committed 7360K, reserved 1048576K
}

